<?xml version="1.0" encoding="UTF-8"?>
<!-- Generated by org.testng.reporters.JUnitReportReporter -->
<testsuite hostname="user-PC" name="com.PayPal.APITest.CreateOrderTest" tests="1" failures="0" timestamp="11 Jul 2021 06:22:45 GMT" time="18.015" errors="0">
  <testcase name="createorder" time="18.015" classname="com.PayPal.APITest.CreateOrderTest"/>
</testsuite> <!-- com.PayPal.APITest.CreateOrderTest -->
