<?xml version="1.0" encoding="UTF-8"?>
<!-- Generated by org.testng.reporters.JUnitReportReporter -->
<testsuite hostname="user-PC" name="com.PayPal.APITest.GetOrderTest" tests="1" failures="0" timestamp="11 Jul 2021 06:22:45 GMT" time="2.442" errors="0">
  <testcase name="getOrderTest" time="2.442" classname="com.PayPal.APITest.GetOrderTest"/>
</testsuite> <!-- com.PayPal.APITest.GetOrderTest -->
