<?xml version="1.0" encoding="UTF-8"?>
<!-- Generated by org.testng.reporters.JUnitReportReporter -->
<testsuite hostname="user-PC" failures="0" tests="1" name="com.PayPal.APITest.GetOrderTest" time="2.134" errors="0" timestamp="11 Jul 2021 12:17:26 GMT">
  <testcase classname="com.PayPal.APITest.GetOrderTest" name="getOrderTest" time="2.134"/>
</testsuite> <!-- com.PayPal.APITest.GetOrderTest -->
