<?xml version="1.0" encoding="UTF-8"?>
<!-- Generated by org.testng.reporters.JUnitReportReporter -->
<testsuite hostname="user-PC" failures="0" tests="1" name="com.PayPal.APITest.CreateOrderTest" time="4.822" errors="0" timestamp="11 Jul 2021 12:17:26 GMT">
  <testcase classname="com.PayPal.APITest.CreateOrderTest" name="createorder" time="4.822"/>
</testsuite> <!-- com.PayPal.APITest.CreateOrderTest -->
